#
# A fatal error has been detected by the Java Runtime Environment:
#
#  Internal Error (signature.cpp:54), pid=3825, tid=0x0000000000003003
#  fatal error: expecting (
#
# JRE version: Java(TM) SE Runtime Environment (8.0_251-b08) (build 1.8.0_251-b08)
# Java VM: Java HotSpot(TM) 64-Bit Server VM (25.251-b08 mixed mode bsd-amd64 compressed oops)
# Failed to write core dump. Core dumps have been disabled. To enable core dumping, try "ulimit -c unlimited" before starting Java again
#
# If you would like to submit a bug report, please visit:
#   http://bugreport.java.com/bugreport/crash.jsp
#

---------------  T H R E A D  ---------------

Current thread (0x00007fac05817000):  VMThread [stack: 0x0000700004cd4000,0x0000700004dd4000] [id=12291]

Stack: [0x0000700004cd4000,0x0000700004dd4000],  sp=0x0000700004dd2d20,  free space=1019k
Native frames: (J=compiled Java code, j=interpreted, Vv=VM code, C=native code)
V  [libjvm.dylib+0x5bbaec]  VMError::report_and_die()+0x3f8
V  [libjvm.dylib+0x1e9991]  report_vm_error(char const*, int, char const*, char const*)+0x54
V  [libjvm.dylib+0x506a21]  SignatureIterator::expect(char)+0x4f
V  [libjvm.dylib+0x506ae6]  SignatureIterator::iterate_returntype()+0x28
V  [libjvm.dylib+0x289645]  GenerateOopMap::do_method(int, int, int, int)+0x71
V  [libjvm.dylib+0x28b2c8]  GenerateOopMap::interp_bb(BasicBlock*)+0x104
V  [libjvm.dylib+0x28b517]  GenerateOopMap::interp_all()+0x31
V  [libjvm.dylib+0x28baae]  GenerateOopMap::do_interpretation()+0x44
V  [libjvm.dylib+0x28bec7]  GenerateOopMap::compute_map(Thread*)+0x1fb
V  [libjvm.dylib+0x486d15]  OopMapForCacheEntry::compute_map(Thread*)+0x8f
V  [libjvm.dylib+0x486f1e]  OopMapCacheEntry::fill(methodHandle, int)+0x19e
V  [libjvm.dylib+0x4870ff]  OopMapCache::compute_one_oop_map(methodHandle, int, InterpreterOopMap*)+0x16b
V  [libjvm.dylib+0x4873b6]  OopMapCache::lookup(methodHandle, int, InterpreterOopMap*) const+0x25c
V  [libjvm.dylib+0x2c37aa]  InstanceKlass::mask_for(methodHandle, int, InterpreterOopMap*)+0xd2
V  [libjvm.dylib+0x45479d]  Method::mask_for(int, InterpreterOopMap*)+0xb3
V  [libjvm.dylib+0x39bc87]  VM_GetOrSetLocal::doit()+0x47
V  [libjvm.dylib+0x5c3805]  VM_Operation::evaluate()+0x4f
V  [libjvm.dylib+0x5c1d73]  VMThread::evaluate_operation(VM_Operation*)+0xdf
V  [libjvm.dylib+0x5c21c0]  VMThread::loop()+0x328
V  [libjvm.dylib+0x5c1adf]  VMThread::run()+0x79
V  [libjvm.dylib+0x48fe2a]  java_start(Thread*)+0xf6
C  [libsystem_pthread.dylib+0x6109]  _pthread_start+0x94
C  [libsystem_pthread.dylib+0x1b8b]  thread_start+0xf

VM_Operation (0x00007000052e5a18): GetOrSetLocal, mode: safepoint, requested by thread 0x00007fac0480b800


---------------  P R O C E S S  ---------------

Java Threads: ( => current thread )
  0x00007fac0806f000 JavaThread "ReaderThread" [_thread_in_native, id=42499, stack(0x0000700005b01000,0x0000700005c01000)]
  0x00007fac07815800 JavaThread "Service Thread" daemon [_thread_blocked, id=43267, stack(0x00007000058fb000,0x00007000059fb000)]
  0x00007fac06158000 JavaThread "C1 CompilerThread3" daemon [_thread_blocked, id=21763, stack(0x00007000057f8000,0x00007000058f8000)]
  0x00007fac0682e800 JavaThread "C2 CompilerThread2" daemon [_thread_blocked, id=15619, stack(0x00007000056f5000,0x00007000057f5000)]
  0x00007fac04022000 JavaThread "C2 CompilerThread1" daemon [_thread_blocked, id=16131, stack(0x00007000055f2000,0x00007000056f2000)]
  0x00007fac04878000 JavaThread "C2 CompilerThread0" daemon [_thread_blocked, id=16643, stack(0x00007000054ef000,0x00007000055ef000)]
  0x00007fac0682e000 JavaThread "JDWP Command Reader" daemon [_thread_in_native, id=17155, stack(0x00007000053ec000,0x00007000054ec000)]
  0x00007fac07016800 JavaThread "JDWP Event Helper Thread" daemon [_thread_blocked, id=17667, stack(0x00007000052e9000,0x00007000053e9000)]
  0x00007fac0480b800 JavaThread "JDWP Transport Listener: dt_socket" daemon [_thread_blocked, id=18183, stack(0x00007000051e6000,0x00007000052e6000)]
  0x00007fac07013000 JavaThread "Signal Dispatcher" daemon [_thread_blocked, id=14851, stack(0x00007000050e3000,0x00007000051e3000)]
  0x00007fac07814800 JavaThread "Finalizer" daemon [_thread_blocked, id=19971, stack(0x0000700004eda000,0x0000700004fda000)]
  0x00007fac07811800 JavaThread "Reference Handler" daemon [_thread_blocked, id=20227, stack(0x0000700004dd7000,0x0000700004ed7000)]
  0x00007fac05808800 JavaThread "main" [_thread_blocked, id=3331, stack(0x00007000043b9000,0x00007000044b9000)]

Other Threads:
=>0x00007fac05817000 VMThread [stack: 0x0000700004cd4000,0x0000700004dd4000] [id=12291]
  0x00007fac0682f800 WatcherThread [stack: 0x00007000059fe000,0x0000700005afe000] [id=43011]

VM state:at safepoint (normal execution)

VM Mutex/Monitor currently owned by a thread:  ([mutex/lock_event])
[0x00007fac05205e10] Threads_lock - owner thread: 0x00007fac05817000

heap address: 0x00000006c0000000, size: 4096 MB, Compressed Oops mode: Zero based, Oop shift amount: 3
Narrow klass base: 0x0000000000000000, Narrow klass shift: 3
Compressed class space size: 1073741824 Address: 0x00000007c0000000

Heap:
 PSYoungGen      total 76288K, used 53860K [0x000000076ab00000, 0x0000000770000000, 0x00000007c0000000)
  eden space 65536K, 82% used [0x000000076ab00000,0x000000076df992c0,0x000000076eb00000)
  from space 10752K, 0% used [0x000000076f580000,0x000000076f580000,0x0000000770000000)
  to   space 10752K, 0% used [0x000000076eb00000,0x000000076eb00000,0x000000076f580000)
 ParOldGen       total 175104K, used 0K [0x00000006c0000000, 0x00000006cab00000, 0x000000076ab00000)
  object space 175104K, 0% used [0x00000006c0000000,0x00000006c0000000,0x00000006cab00000)
 Metaspace       used 10652K, capacity 11684K, committed 11776K, reserved 1058816K
  class space    used 1307K, capacity 1504K, committed 1536K, reserved 1048576K

Card table byte_map: [0x000000010e7ef000,0x000000010eff0000] byte_map_base: 0x000000010b1ef000

Marking Bits: (ParMarkBitMap*) 0x000000010dd00f60
 Begin Bits: [0x000000010f546000, 0x0000000113546000)
 End Bits:   [0x0000000113546000, 0x0000000117546000)

Polling page: 0x000000010c361000

CodeCache: size=245760Kb used=5160Kb max_used=5250Kb free=240600Kb
 bounds [0x000000011a408000, 0x000000011a938000, 0x0000000129408000]
 total_blobs=1537 nmethods=1193 adapters=265
 compilation: enabled

Compilation events (10 events):
Event: 1.178 Thread 0x00007fac06158000 nmethod 1189 0x000000011a8df210 code [0x000000011a8df360, 0x000000011a8df470]
Event: 1.178 Thread 0x00007fac06158000 1192       1       scacchiera.Scacchiera::getNumeroRighe (3 bytes)
Event: 1.178 Thread 0x00007fac06158000 nmethod 1192 0x000000011a8df4d0 code [0x000000011a8df620, 0x000000011a8df710]
Event: 1.200 Thread 0x00007fac0682e800 nmethod 1171 0x000000011a8e4590 code [0x000000011a8e48c0, 0x000000011a8e6a48]
Event: 1.200 Thread 0x00007fac0682e800 1179       4       jdk.internal.org.objectweb.asm.Type::getArgumentsAndReturnSizes (151 bytes)
Event: 1.205 Thread 0x00007fac0682e800 nmethod 1179 0x000000011a8e0690 code [0x000000011a8e0840, 0x000000011a8e0df8]
Event: 1.215 Thread 0x00007fac04022000 nmethod 1169 0x000000011a8ec0d0 code [0x000000011a8ec420, 0x000000011a8ee830]
Event: 2.057 Thread 0x00007fac04878000 nmethod 732 0x000000011a907510 code [0x000000011a908640, 0x000000011a91e3f8]
Event: 876.970 Thread 0x00007fac04878000 1193       4       org.eclipse.jdt.launching.internal.org.objectweb.asm.ClassReader::readClass (7 bytes)
Event: 876.989 Thread 0x00007fac04878000 nmethod 1193 0x000000011a8dfa90 code [0x000000011a8dfc20, 0x000000011a8e0088]

GC Heap History (0 events):
No events

Deoptimization events (7 events):
Event: 0.692 Thread 0x00007fac05808800 Uncommon trap: reason=unstable_if action=reinterpret pc=0x000000011a6471c0 method=java.lang.String.replace(CC)Ljava/lang/String; @ 26
Event: 0.734 Thread 0x00007fac05808800 Uncommon trap: reason=unstable_if action=reinterpret pc=0x000000011a5bbaf4 method=org.eclipse.jdt.launching.internal.org.objectweb.asm.ClassReader.readUtf(II[C)Ljava/lang/String; @ 41
Event: 0.734 Thread 0x00007fac05808800 Uncommon trap: reason=unstable_if action=reinterpret pc=0x000000011a696ef8 method=org.eclipse.jdt.launching.internal.org.objectweb.asm.ByteVector.putUTF8(Ljava/lang/String;)Lorg/eclipse/jdt/launching/internal/org/objectweb/asm/ByteVector; @ 100
Event: 0.734 Thread 0x00007fac05808800 Uncommon trap: reason=unstable_if action=reinterpret pc=0x000000011a5a8f14 method=org.eclipse.jdt.launching.internal.org.objectweb.asm.ByteVector.putUTF8(Ljava/lang/String;)Lorg/eclipse/jdt/launching/internal/org/objectweb/asm/ByteVector; @ 100
Event: 0.885 Thread 0x00007fac05808800 Uncommon trap: reason=unstable_if action=reinterpret pc=0x000000011a7960fc method=java.util.HashMap.getNode(ILjava/lang/Object;)Ljava/util/HashMap$Node; @ 129
Event: 0.997 Thread 0x00007fac05808800 Uncommon trap: reason=unstable_if action=reinterpret pc=0x000000011a8183d0 method=jdk.internal.org.objectweb.asm.Type.getArgumentsAndReturnSizes(Ljava/lang/String;)I @ 47
Event: 1.151 Thread 0x00007fac05808800 Uncommon trap: reason=unstable_if action=reinterpret pc=0x000000011a520e20 method=java.lang.CharacterData.of(I)Ljava/lang/CharacterData; @ 4

Classes redefined (8 events):
<<<<<<< HEAD
<<<<<<< HEAD
<<<<<<< HEAD
=======
>>>>>>> Riparazione conflitti
Event: 12.448 Thread 0x00007fac05817000 redefined class name=scacchiera.pedine.PedoneTest, count=1
Event: 601.126 Thread 0x00007fac05817000 redefined class name=scacchiera.pedine.PedoneTest, count=2
Event: 876.983 Thread 0x00007fac05817000 redefined class name=scacchiera.pedine.PedoneTest, count=3
Event: 889.258 Thread 0x00007fac05817000 redefined class name=scacchiera.pedine.PedoneTest, count=4
Event: 906.081 Thread 0x00007fac05817000 redefined class name=scacchiera.pedine.PedoneTest, count=5
Event: 1005.377 Thread 0x00007fac05817000 redefined class name=scacchiera.pedine.PedoneTest, count=6
Event: 1091.712 Thread 0x00007fac05817000 redefined class name=scacchiera.pedine.PedoneTest, count=7
Event: 1132.718 Thread 0x00007fac05817000 redefined class name=scacchiera.pedine.PedoneTest, count=8
<<<<<<< HEAD
=======
=======
>>>>>>> Creazione test automatici per Cavallo e Pedone
Event: 12.448 Thread 0x00007fac05817000 redefined class name=test.PedoneTest, count=1
Event: 601.126 Thread 0x00007fac05817000 redefined class name=test.PedoneTest, count=2
Event: 876.983 Thread 0x00007fac05817000 redefined class name=test.PedoneTest, count=3
Event: 889.258 Thread 0x00007fac05817000 redefined class name=test.PedoneTest, count=4
Event: 906.081 Thread 0x00007fac05817000 redefined class name=test.PedoneTest, count=5
Event: 1005.377 Thread 0x00007fac05817000 redefined class name=test.PedoneTest, count=6
Event: 1091.712 Thread 0x00007fac05817000 redefined class name=test.PedoneTest, count=7
Event: 1132.718 Thread 0x00007fac05817000 redefined class name=test.PedoneTest, count=8
<<<<<<< HEAD
>>>>>>> Creazione test automatici per Cavallo e Pedone
=======
>>>>>>> Creazione test automatici per Cavallo e Pedone
=======
>>>>>>> Riparazione conflitti

Internal exceptions (10 events):
Event: 0.953 Thread 0x00007fac05808800 Exception <a 'java/lang/IncompatibleClassChangeError': Found class java.lang.Object, but interface was expected> (0x000000076d2450f8) thrown at [/jenkins/workspace/8-2-build-macosx-x86_64/jdk8u251/737/hotspot/src/share/vm/interpreter/linkResolver.cpp, lin
Event: 0.955 Thread 0x00007fac05808800 Exception <a 'java/lang/NoSuchMethodError': java.lang.Object.lambda$ofVoidMethod$0(Lorg/junit/jupiter/engine/execution/ExecutableInvoker$ReflectiveInterceptorCall$VoidMethodInterceptorCall;Lorg/junit/jupiter/api/extension/InvocationInterceptor;Lorg/junit/
Event: 0.965 Thread 0x00007fac05808800 Exception <a 'java/lang/NoSuchMethodError': java.lang.Object.lambda$accept$0(Lorg/junit/platform/engine/TestDescriptor$Visitor;Lorg/junit/platform/engine/TestDescriptor;)V> (0x000000076d2b8db0) thrown at [/jenkins/workspace/8-2-build-macosx-x86_64/jdk8u25
Event: 0.985 Thread 0x00007fac05808800 Exception <a 'java/lang/NoSuchMethodError': java.lang.Object.containsTests(Lorg/junit/platform/engine/TestDescriptor;)Z> (0x000000076d316bb0) thrown at [/jenkins/workspace/8-2-build-macosx-x86_64/jdk8u251/737/hotspot/src/share/vm/interpreter/linkResolver.
Event: 1.013 Thread 0x00007fac05808800 Exception <a 'java/lang/IncompatibleClassChangeError': Found class java.lang.Object, but interface was expected> (0x000000076d450bd8) thrown at [/jenkins/workspace/8-2-build-macosx-x86_64/jdk8u251/737/hotspot/src/share/vm/interpreter/linkResolver.cpp, lin
Event: 1.041 Thread 0x00007fac05808800 Exception <a 'java/lang/NoSuchMethodError': java.lang.Object.lambda$comparing$77a9974f$1(Ljava/util/function/Function;Ljava/lang/Object;Ljava/lang/Object;)I> (0x000000076d694930) thrown at [/jenkins/workspace/8-2-build-macosx-x86_64/jdk8u251/737/hotspot/s
Event: 1.043 Thread 0x00007fac05808800 Exception <a 'java/lang/NoSuchMethodError': java.lang.Object.lambda$thenComparing$36697e65$1(Ljava/util/Comparator;Ljava/lang/Object;Ljava/lang/Object;)I> (0x000000076d6b7b00) thrown at [/jenkins/workspace/8-2-build-macosx-x86_64/jdk8u251/737/hotspot/src/
Event: 1.104 Thread 0x00007fac05808800 Exception <a 'java/lang/NoSuchMethodError': java.lang.Object.lambda$and$0(Ljava/util/function/Predicate;Ljava/lang/Object;)Z> (0x000000076da77a88) thrown at [/jenkins/workspace/8-2-build-macosx-x86_64/jdk8u251/737/hotspot/src/share/vm/interpreter/linkReso
Event: 1.134 Thread 0x00007fac05808800 Exception <a 'java/lang/IncompatibleClassChangeError': Found class java.lang.Object, but interface was expected> (0x000000076dc365b0) thrown at [/jenkins/workspace/8-2-build-macosx-x86_64/jdk8u251/737/hotspot/src/share/vm/interpreter/linkResolver.cpp, lin
Event: 1.145 Thread 0x00007fac05808800 Exception <a 'java/lang/IncompatibleClassChangeError': Found class java.lang.Object, but interface was expected> (0x000000076dce78a0) thrown at [/jenkins/workspace/8-2-build-macosx-x86_64/jdk8u251/737/hotspot/src/share/vm/interpreter/linkResolver.cpp, lin

Events (10 events):
Event: 1091.729 Executing VM operation: GetCurrentContendedMonitor done
Event: 1132.710 Executing VM operation: RedefineClasses
Event: 1132.718 Executing VM operation: RedefineClasses done
Event: 1132.721 Executing VM operation: ChangeBreakpoints
Event: 1132.722 Executing VM operation: ChangeBreakpoints done
Event: 1132.738 Executing VM operation: GetOwnedMonitorInfo
Event: 1132.738 Executing VM operation: GetOwnedMonitorInfo done
Event: 1132.739 Executing VM operation: GetCurrentContendedMonitor
Event: 1132.739 Executing VM operation: GetCurrentContendedMonitor done
Event: 1194.783 Executing VM operation: GetOrSetLocal


Dynamic libraries:
0x00007fff30d7f000 	/System/Library/Frameworks/Cocoa.framework/Versions/A/Cocoa
0x00007fff3e55c000 	/System/Library/Frameworks/Security.framework/Versions/A/Security
0x00007fff2fce9000 	/System/Library/Frameworks/ApplicationServices.framework/Versions/A/ApplicationServices
0x00007fff6b106000 	/usr/lib/libz.1.dylib
0x00007fff68bca000 	/usr/lib/libSystem.B.dylib
0x00007fff6aa2a000 	/usr/lib/libobjc.A.dylib
0x00007fff31c1a000 	/System/Library/Frameworks/CoreFoundation.framework/Versions/A/CoreFoundation
0x00007fff342d0000 	/System/Library/Frameworks/Foundation.framework/Versions/C/Foundation
0x00007fff2eeda000 	/System/Library/Frameworks/AppKit.framework/Versions/C/AppKit
0x00007fff31703000 	/System/Library/Frameworks/CoreData.framework/Versions/A/CoreData
0x00007fff62beb000 	/System/Library/PrivateFrameworks/UIFoundation.framework/Versions/A/UIFoundation
0x00007fff5dc99000 	/System/Library/PrivateFrameworks/RemoteViewServices.framework/Versions/A/RemoteViewServices
0x00007fff6573f000 	/System/Library/PrivateFrameworks/XCTTargetBootstrap.framework/Versions/A/XCTTargetBootstrap
0x00007fff31aee000 	/System/Library/Frameworks/CoreDisplay.framework/Versions/A/CoreDisplay
0x00007fff37189000 	/System/Library/Frameworks/Metal.framework/Versions/A/Metal
0x00007fff4bcf2000 	/System/Library/PrivateFrameworks/DesktopServicesPriv.framework/Versions/A/DesktopServicesPriv
0x00007fff69d07000 	/usr/lib/liblangid.dylib
0x00007fff4af8b000 	/System/Library/PrivateFrameworks/CoreSVG.framework/Versions/A/CoreSVG
0x00007fff60def000 	/System/Library/PrivateFrameworks/SkyLight.framework/Versions/A/SkyLight
0x00007fff3209b000 	/System/Library/Frameworks/CoreGraphics.framework/Versions/A/CoreGraphics
0x00007fff2d8ae000 	/System/Library/Frameworks/Accelerate.framework/Versions/A/Accelerate
0x00007fff6aff7000 	/usr/lib/libxml2.2.dylib
0x00007fff56c4b000 	/System/Library/PrivateFrameworks/IconServices.framework/Versions/A/IconServices
0x00007fff34aaf000 	/System/Library/Frameworks/IOSurface.framework/Versions/A/IOSurface
0x00007fff686f4000 	/usr/lib/libDiagnosticMessagesClient.dylib
0x00007fff4bb4c000 	/System/Library/PrivateFrameworks/DFRFoundation.framework/Versions/A/DFRFoundation
0x00007fff69a96000 	/usr/lib/libicucore.A.dylib
0x00007fff3001b000 	/System/Library/Frameworks/AudioToolbox.framework/Versions/A/AudioToolbox
0x00007fff300fe000 	/System/Library/Frameworks/AudioUnit.framework/Versions/A/AudioUnit
0x00007fff68dcc000 	/usr/lib/libauto.dylib
0x00007fff4bbee000 	/System/Library/PrivateFrameworks/DataDetectorsCore.framework/Versions/A/DataDetectorsCore
0x00007fff308a0000 	/System/Library/Frameworks/Carbon.framework/Versions/A/Frameworks/HIToolbox.framework/Versions/A/HIToolbox
0x00007fff3d759000 	/System/Library/Frameworks/QuartzCore.framework/Versions/A/QuartzCore
0x00007fff30bdf000 	/System/Library/Frameworks/Carbon.framework/Versions/A/Frameworks/SpeechRecognition.framework/Versions/A/SpeechRecognition
0x00007fff4b663000 	/System/Library/PrivateFrameworks/CoreUI.framework/Versions/A/CoreUI
0x00007fff3116e000 	/System/Library/Frameworks/CoreAudio.framework/Versions/A/CoreAudio
0x00007fff33f95000 	/System/Library/Frameworks/DiskArbitration.framework/Versions/A/DiskArbitration
0x00007fff58c98000 	/System/Library/PrivateFrameworks/MultitouchSupport.framework/Versions/A/MultitouchSupport
0x00007fff6995d000 	/usr/lib/libenergytrace.dylib
0x00007fff34a09000 	/System/Library/Frameworks/IOKit.framework/Versions/A/IOKit
0x00007fff33002000 	/System/Library/Frameworks/CoreServices.framework/Versions/A/CoreServices
0x00007fff5ae2f000 	/System/Library/PrivateFrameworks/PerformanceAnalysis.framework/Versions/A/PerformanceAnalysis
0x00007fff3c78c000 	/System/Library/Frameworks/OpenGL.framework/Versions/A/OpenGL
0x00007fff30d8d000 	/System/Library/Frameworks/ColorSync.framework/Versions/A/ColorSync
0x00007fff3271d000 	/System/Library/Frameworks/CoreImage.framework/Versions/A/CoreImage
0x00007fff33a74000 	/System/Library/Frameworks/CoreText.framework/Versions/A/CoreText
0x00007fff34b3f000 	/System/Library/Frameworks/ImageIO.framework/Versions/A/ImageIO
0x00007fff68eb0000 	/usr/lib/libc++.1.dylib
0x00007fff68f2c000 	/usr/lib/libcompression.dylib
0x00007fff68a38000 	/usr/lib/libMobileGestalt.dylib
0x00007fff62964000 	/System/Library/PrivateFrameworks/TextureIO.framework/Versions/A/TextureIO
0x00007fff68d2f000 	/usr/lib/libate.dylib
0x00007fff56e54000 	/System/Library/PrivateFrameworks/InternationalSupport.framework/Versions/A/InternationalSupport
0x00007fff6b9c6000 	/usr/lib/system/libcache.dylib
0x00007fff6b9cc000 	/usr/lib/system/libcommonCrypto.dylib
0x00007fff6b9d8000 	/usr/lib/system/libcompiler_rt.dylib
0x00007fff6b9e0000 	/usr/lib/system/libcopyfile.dylib
0x00007fff6b9ea000 	/usr/lib/system/libcorecrypto.dylib
0x00007fff6bb89000 	/usr/lib/system/libdispatch.dylib
0x00007fff6bbca000 	/usr/lib/system/libdyld.dylib
0x00007fff6bc01000 	/usr/lib/system/libkeymgr.dylib
0x00007fff6bc0f000 	/usr/lib/system/liblaunch.dylib
0x00007fff6bc10000 	/usr/lib/system/libmacho.dylib
0x00007fff6bc16000 	/usr/lib/system/libquarantine.dylib
0x00007fff6bc19000 	/usr/lib/system/libremovefile.dylib
0x00007fff6bc1b000 	/usr/lib/system/libsystem_asl.dylib
0x00007fff6bc33000 	/usr/lib/system/libsystem_blocks.dylib
0x00007fff6bc34000 	/usr/lib/system/libsystem_c.dylib
0x00007fff6bcbc000 	/usr/lib/system/libsystem_configuration.dylib
0x00007fff6bcc0000 	/usr/lib/system/libsystem_coreservices.dylib
0x00007fff6bcc4000 	/usr/lib/system/libsystem_darwin.dylib
0x00007fff6bccd000 	/usr/lib/system/libsystem_dnssd.dylib
0x00007fff6bcd5000 	/usr/lib/system/libsystem_featureflags.dylib
0x00007fff6bcd7000 	/usr/lib/system/libsystem_info.dylib
0x00007fff6bd52000 	/usr/lib/system/libsystem_m.dylib
0x00007fff6bd9a000 	/usr/lib/system/libsystem_malloc.dylib
0x00007fff6bdc2000 	/usr/lib/system/libsystem_networkextension.dylib
0x00007fff6bdd0000 	/usr/lib/system/libsystem_notify.dylib
0x00007fff6bdee000 	/usr/lib/system/libsystem_sandbox.dylib
0x00007fff6bdf3000 	/usr/lib/system/libsystem_secinit.dylib
0x00007fff6bd25000 	/usr/lib/system/libsystem_kernel.dylib
0x00007fff6bdda000 	/usr/lib/system/libsystem_platform.dylib
0x00007fff6bde3000 	/usr/lib/system/libsystem_pthread.dylib
0x00007fff6bdf6000 	/usr/lib/system/libsystem_symptoms.dylib
0x00007fff6bdfe000 	/usr/lib/system/libsystem_trace.dylib
0x00007fff6be16000 	/usr/lib/system/libunwind.dylib
0x00007fff6be1c000 	/usr/lib/system/libxpc.dylib
0x00007fff68f03000 	/usr/lib/libc++abi.dylib
0x00007fff69d09000 	/usr/lib/liblzma.5.dylib
0x00007fff69984000 	/usr/lib/libfakelink.dylib
0x00007fff68cbc000 	/usr/lib/libarchive.2.dylib
0x00007fff3f60c000 	/System/Library/Frameworks/SystemConfiguration.framework/Versions/A/SystemConfiguration
0x00007fff68627000 	/usr/lib/libCRFSuite.dylib
0x00007fff30491000 	/System/Library/Frameworks/CFNetwork.framework/Versions/A/CFNetwork
0x00007fff68e92000 	/usr/lib/libbsm.0.dylib
0x00007fff6bc02000 	/usr/lib/system/libkxld.dylib
0x00007fff45521000 	/System/Library/PrivateFrameworks/AppleFSCompression.framework/Versions/A/AppleFSCompression
0x00007fff6921d000 	/usr/lib/libcoretls.dylib
0x00007fff69234000 	/usr/lib/libcoretls_cfhelpers.dylib
0x00007fff6aa70000 	/usr/lib/libpam.2.dylib
0x00007fff6aba5000 	/usr/lib/libsqlite3.dylib
0x00007fff6afe4000 	/usr/lib/libxar.1.dylib
0x00007fff68ea3000 	/usr/lib/libbz2.1.0.dylib
0x00007fff699a5000 	/usr/lib/libiconv.2.dylib
0x00007fff68f19000 	/usr/lib/libcharset.1.dylib
0x00007fff6a50f000 	/usr/lib/libnetwork.dylib
0x00007fff6aa77000 	/usr/lib/libpcap.A.dylib
0x00007fff68c71000 	/usr/lib/libapple_nghttp2.dylib
0x00007fff333b9000 	/System/Library/Frameworks/CoreServices.framework/Versions/A/Frameworks/FSEvents.framework/Versions/A/FSEvents
0x00007fff33089000 	/System/Library/Frameworks/CoreServices.framework/Versions/A/Frameworks/CarbonCore.framework/Versions/A/CarbonCore
0x00007fff335fc000 	/System/Library/Frameworks/CoreServices.framework/Versions/A/Frameworks/Metadata.framework/Versions/A/Metadata
0x00007fff33695000 	/System/Library/Frameworks/CoreServices.framework/Versions/A/Frameworks/OSServices.framework/Versions/A/OSServices
0x00007fff336c3000 	/System/Library/Frameworks/CoreServices.framework/Versions/A/Frameworks/SearchKit.framework/Versions/A/SearchKit
0x00007fff33003000 	/System/Library/Frameworks/CoreServices.framework/Versions/A/Frameworks/AE.framework/Versions/A/AE
0x00007fff333c2000 	/System/Library/Frameworks/CoreServices.framework/Versions/A/Frameworks/LaunchServices.framework/Versions/A/LaunchServices
0x00007fff3336b000 	/System/Library/Frameworks/CoreServices.framework/Versions/A/Frameworks/DictionaryServices.framework/Versions/A/DictionaryServices
0x00007fff3372b000 	/System/Library/Frameworks/CoreServices.framework/Versions/A/Frameworks/SharedFileList.framework/Versions/A/SharedFileList
0x00007fff385ac000 	/System/Library/Frameworks/NetFS.framework/Versions/A/NetFS
0x00007fff591c7000 	/System/Library/PrivateFrameworks/NetAuth.framework/Versions/A/NetAuth
0x00007fff65b0c000 	/System/Library/PrivateFrameworks/login.framework/Versions/A/Frameworks/loginsupport.framework/Versions/A/loginsupport
0x00007fff62431000 	/System/Library/PrivateFrameworks/TCC.framework/Versions/A/TCC
0x00007fff4a0fe000 	/System/Library/PrivateFrameworks/CoreNLP.framework/Versions/A/CoreNLP
0x00007fff586c6000 	/System/Library/PrivateFrameworks/MetadataUtilities.framework/Versions/A/MetadataUtilities
0x00007fff69de1000 	/usr/lib/libmecabra.dylib
0x00007fff69d39000 	/usr/lib/libmecab.dylib
0x00007fff69995000 	/usr/lib/libgermantok.dylib
0x00007fff68c58000 	/usr/lib/libThaiTokenizer.dylib
0x00007fff6865e000 	/usr/lib/libChineseTokenizer.dylib
0x00007fff2d8c6000 	/System/Library/Frameworks/Accelerate.framework/Versions/A/Frameworks/vImage.framework/Versions/A/vImage
0x00007fff2ed30000 	/System/Library/Frameworks/Accelerate.framework/Versions/A/Frameworks/vecLib.framework/Versions/A/vecLib
0x00007fff2ec6d000 	/System/Library/Frameworks/Accelerate.framework/Versions/A/Frameworks/vecLib.framework/Versions/A/libvMisc.dylib
0x00007fff2ea95000 	/System/Library/Frameworks/Accelerate.framework/Versions/A/Frameworks/vecLib.framework/Versions/A/libvDSP.dylib
0x00007fff2df1d000 	/System/Library/Frameworks/Accelerate.framework/Versions/A/Frameworks/vecLib.framework/Versions/A/libBLAS.dylib
0x00007fff2e659000 	/System/Library/Frameworks/Accelerate.framework/Versions/A/Frameworks/vecLib.framework/Versions/A/libLAPACK.dylib
0x00007fff2e9f5000 	/System/Library/Frameworks/Accelerate.framework/Versions/A/Frameworks/vecLib.framework/Versions/A/libLinearAlgebra.dylib
0x00007fff2ea82000 	/System/Library/Frameworks/Accelerate.framework/Versions/A/Frameworks/vecLib.framework/Versions/A/libSparseBLAS.dylib
0x00007fff2ea0b000 	/System/Library/Frameworks/Accelerate.framework/Versions/A/Frameworks/vecLib.framework/Versions/A/libQuadrature.dylib
0x00007fff2e185000 	/System/Library/Frameworks/Accelerate.framework/Versions/A/Frameworks/vecLib.framework/Versions/A/libBNNS.dylib
0x00007fff2ea11000 	/System/Library/Frameworks/Accelerate.framework/Versions/A/Frameworks/vecLib.framework/Versions/A/libSparse.dylib
0x00007fff5723c000 	/System/Library/PrivateFrameworks/LanguageModeling.framework/Versions/A/LanguageModeling
0x00007fff49aae000 	/System/Library/PrivateFrameworks/CoreEmoji.framework/Versions/A/CoreEmoji
0x00007fff5735a000 	/System/Library/PrivateFrameworks/LinguisticData.framework/Versions/A/LinguisticData
0x00007fff5730b000 	/System/Library/PrivateFrameworks/Lexicon.framework/Versions/A/Lexicon
0x00007fff68f1a000 	/usr/lib/libcmph.dylib
0x00007fff3b19a000 	/System/Library/Frameworks/OpenDirectory.framework/Versions/A/Frameworks/CFOpenDirectory.framework/Versions/A/CFOpenDirectory
0x00007fff3b1b7000 	/System/Library/Frameworks/OpenDirectory.framework/Versions/A/OpenDirectory
0x00007fff435d7000 	/System/Library/PrivateFrameworks/APFS.framework/Versions/A/APFS
0x00007fff3e8a6000 	/System/Library/Frameworks/SecurityFoundation.framework/Versions/A/SecurityFoundation
0x00007fff6afe0000 	/usr/lib/libutil.dylib
0x00007fff4afe3000 	/System/Library/PrivateFrameworks/CoreServicesStore.framework/Versions/A/CoreServicesStore
0x00007fff3e95d000 	/System/Library/Frameworks/ServiceManagement.framework/Versions/A/ServiceManagement
0x00007fff46cef000 	/System/Library/PrivateFrameworks/BackgroundTaskManagement.framework/Versions/A/BackgroundTaskManagement
0x00007fff6b0dd000 	/usr/lib/libxslt.1.dylib
0x00007fff45b93000 	/System/Library/PrivateFrameworks/AppleSystemInfo.framework/Versions/A/AppleSystemInfo
0x00007fff34d5a000 	/System/Library/Frameworks/ImageIO.framework/Versions/A/Resources/libJPEG.dylib
0x00007fff35016000 	/System/Library/Frameworks/ImageIO.framework/Versions/A/Resources/libTIFF.dylib
0x00007fff34ff9000 	/System/Library/Frameworks/ImageIO.framework/Versions/A/Resources/libPng.dylib
0x00007fff34c9c000 	/System/Library/Frameworks/ImageIO.framework/Versions/A/Resources/libGIF.dylib
0x00007fff34ca0000 	/System/Library/Frameworks/ImageIO.framework/Versions/A/Resources/libJP2.dylib
0x00007fff35014000 	/System/Library/Frameworks/ImageIO.framework/Versions/A/Resources/libRadiance.dylib
0x00007fff6995e000 	/usr/lib/libexpat.1.dylib
0x00007fff4567c000 	/System/Library/PrivateFrameworks/AppleJPEG.framework/Versions/A/AppleJPEG
0x00007fff4e2be000 	/System/Library/PrivateFrameworks/FontServices.framework/libFontParser.dylib
0x00007fff64b12000 	/System/Library/PrivateFrameworks/WatchdogClient.framework/Versions/A/WatchdogClient
0x00007fff56898000 	/System/Library/PrivateFrameworks/IOAccelerator.framework/Versions/A/IOAccelerator
0x00007fff37524000 	/System/Library/Frameworks/MetalPerformanceShaders.framework/Versions/A/MetalPerformanceShaders
0x00007fff53031000 	/System/Library/PrivateFrameworks/GPUWrangler.framework/Versions/A/GPUWrangler
0x00007fff568ad000 	/System/Library/PrivateFrameworks/IOPresentment.framework/Versions/A/IOPresentment
0x00007fff4bb5f000 	/System/Library/PrivateFrameworks/DSExternalDisplay.framework/Versions/A/DSExternalDisplay
0x00007fff3bb2b000 	/System/Library/Frameworks/OpenGL.framework/Versions/A/Libraries/libCoreFSCache.dylib
0x00007fff37270000 	/System/Library/Frameworks/MetalPerformanceShaders.framework/Frameworks/MPSCore.framework/Versions/A/MPSCore
0x00007fff372ae000 	/System/Library/Frameworks/MetalPerformanceShaders.framework/Frameworks/MPSImage.framework/Versions/A/MPSImage
0x00007fff37375000 	/System/Library/Frameworks/MetalPerformanceShaders.framework/Frameworks/MPSNeuralNetwork.framework/Versions/A/MPSNeuralNetwork
0x00007fff37339000 	/System/Library/Frameworks/MetalPerformanceShaders.framework/Frameworks/MPSMatrix.framework/Versions/A/MPSMatrix
0x00007fff374d4000 	/System/Library/Frameworks/MetalPerformanceShaders.framework/Frameworks/MPSRayIntersector.framework/Versions/A/MPSRayIntersector
0x00007fff3735f000 	/System/Library/Frameworks/MetalPerformanceShaders.framework/Frameworks/MPSNDArray.framework/Versions/A/MPSNDArray
0x00007fff58713000 	/System/Library/PrivateFrameworks/MetalTools.framework/Versions/A/MetalTools
0x00007fff447a9000 	/System/Library/PrivateFrameworks/AggregateDictionary.framework/Versions/A/AggregateDictionary
0x00007fff49508000 	/System/Library/PrivateFrameworks/CoreAnalytics.framework/Versions/A/CoreAnalytics
0x00007fff45ab2000 	/System/Library/PrivateFrameworks/AppleSauce.framework/Versions/A/AppleSauce
0x00007fff6891a000 	/usr/lib/libIOReport.dylib
0x00007fff33c2c000 	/System/Library/Frameworks/CoreVideo.framework/Versions/A/CoreVideo
0x00007fff544ab000 	/System/Library/PrivateFrameworks/GraphVisualizer.framework/Versions/A/GraphVisualizer
0x00007fff4d812000 	/System/Library/PrivateFrameworks/FaceCore.framework/Versions/A/FaceCore
0x00007fff3b141000 	/System/Library/Frameworks/OpenCL.framework/Versions/A/OpenCL
0x00007fff6873c000 	/usr/lib/libFosl_dynamic.dylib
0x00007fff59bdc000 	/System/Library/PrivateFrameworks/OTSVG.framework/Versions/A/OTSVG
0x00007fff2fdee000 	/System/Library/Frameworks/ApplicationServices.framework/Versions/A/Frameworks/ATS.framework/Versions/A/Resources/libFontRegistry.dylib
0x00007fff4e48f000 	/System/Library/PrivateFrameworks/FontServices.framework/libhvf.dylib
0x00007fff3bb36000 	/System/Library/Frameworks/OpenGL.framework/Versions/A/Libraries/libGFXShared.dylib
0x00007fff3bd14000 	/System/Library/Frameworks/OpenGL.framework/Versions/A/Libraries/libGLU.dylib
0x00007fff3bb3f000 	/System/Library/Frameworks/OpenGL.framework/Versions/A/Libraries/libGL.dylib
0x00007fff3bb4a000 	/System/Library/Frameworks/OpenGL.framework/Versions/A/Libraries/libGLImage.dylib
0x00007fff3bb28000 	/System/Library/Frameworks/OpenGL.framework/Versions/A/Libraries/libCVMSPluginSupport.dylib
0x00007fff3bb31000 	/System/Library/Frameworks/OpenGL.framework/Versions/A/Libraries/libCoreVMClient.dylib
0x00007fff6a3b0000 	/usr/lib/libncurses.5.4.dylib
0x00007fff2fcea000 	/System/Library/Frameworks/ApplicationServices.framework/Versions/A/Frameworks/ATS.framework/Versions/A/ATS
0x00007fff2feb7000 	/System/Library/Frameworks/ApplicationServices.framework/Versions/A/Frameworks/ColorSyncLegacy.framework/Versions/A/ColorSyncLegacy
0x00007fff2ff55000 	/System/Library/Frameworks/ApplicationServices.framework/Versions/A/Frameworks/HIServices.framework/Versions/A/HIServices
0x00007fff2ffad000 	/System/Library/Frameworks/ApplicationServices.framework/Versions/A/Frameworks/LangAnalysis.framework/Versions/A/LangAnalysis
0x00007fff2ffbc000 	/System/Library/Frameworks/ApplicationServices.framework/Versions/A/Frameworks/PrintCore.framework/Versions/A/PrintCore
0x00007fff30002000 	/System/Library/Frameworks/ApplicationServices.framework/Versions/A/Frameworks/QD.framework/Versions/A/QD
0x00007fff3000d000 	/System/Library/Frameworks/ApplicationServices.framework/Versions/A/Frameworks/SpeechSynthesis.framework/Versions/A/SpeechSynthesis
0x00007fff2fe87000 	/System/Library/Frameworks/ApplicationServices.framework/Versions/A/Frameworks/ATSUI.framework/Versions/A/ATSUI
0x00007fff697f2000 	/usr/lib/libcups.2.dylib
0x00007fff365c1000 	/System/Library/Frameworks/Kerberos.framework/Versions/A/Kerberos
0x00007fff34702000 	/System/Library/Frameworks/GSS.framework/Versions/A/GSS
0x00007fff6ab31000 	/usr/lib/libresolv.9.dylib
0x00007fff54659000 	/System/Library/PrivateFrameworks/Heimdal.framework/Versions/A/Heimdal
0x00007fff365d4000 	/System/Library/Frameworks/Kerberos.framework/Versions/A/Libraries/libHeimdalProxy.dylib
0x00007fff6999b000 	/usr/lib/libheimdal-asn1.dylib
0x00007fff489a1000 	/System/Library/PrivateFrameworks/CommonAuth.framework/Versions/A/CommonAuth
0x00007fff45c30000 	/System/Library/PrivateFrameworks/AssertionServices.framework/Versions/A/AssertionServices
0x00007fff467d2000 	/System/Library/PrivateFrameworks/AudioToolboxCore.framework/Versions/A/AudioToolboxCore
0x00007fff657bc000 	/System/Library/PrivateFrameworks/caulk.framework/Versions/A/caulk
0x00007fff46d9b000 	/System/Library/PrivateFrameworks/BaseBoard.framework/Versions/A/BaseBoard
0x00007fff5de27000 	/System/Library/PrivateFrameworks/RunningBoardServices.framework/Versions/A/RunningBoardServices
0x00007fff5ae3b000 	/System/Library/PrivateFrameworks/PersistentConnection.framework/Versions/A/PersistentConnection
0x00007fff5d821000 	/System/Library/PrivateFrameworks/ProtocolBuffer.framework/Versions/A/ProtocolBuffer
0x00007fff489c5000 	/System/Library/PrivateFrameworks/CommonUtilities.framework/Versions/A/CommonUtilities
0x00007fff46f29000 	/System/Library/PrivateFrameworks/Bom.framework/Versions/A/Bom
0x00007fff685ed000 	/usr/lib/libAudioToolboxUtility.dylib
0x00007fff46cf9000 	/System/Library/PrivateFrameworks/Backup.framework/Versions/A/Backup
0x00007fff4ba80000 	/System/Library/PrivateFrameworks/CrashReporterSupport.framework/Versions/A/CrashReporterSupport
0x00007fff5f8b5000 	/System/Library/PrivateFrameworks/Sharing.framework/Versions/A/Sharing
0x00007fff4523f000 	/System/Library/PrivateFrameworks/Apple80211.framework/Versions/A/Apple80211
0x00007fff46a16000 	/System/Library/PrivateFrameworks/AuthKit.framework/Versions/A/AuthKit
0x00007fff4b790000 	/System/Library/PrivateFrameworks/CoreUtils.framework/Versions/A/CoreUtils
0x00007fff33c71000 	/System/Library/Frameworks/CoreWLAN.framework/Versions/A/CoreWLAN
0x00007fff3488f000 	/System/Library/Frameworks/IOBluetooth.framework/Versions/A/IOBluetooth
0x00007fff58a17000 	/System/Library/PrivateFrameworks/MobileKeyBag.framework/Versions/A/MobileKeyBag
0x00007fff4a596000 	/System/Library/PrivateFrameworks/CorePhoneNumbers.framework/Versions/A/CorePhoneNumbers
0x00007fff4562f000 	/System/Library/PrivateFrameworks/AppleIDAuthSupport.framework/Versions/A/AppleIDAuthSupport
0x00007fff385b9000 	/System/Library/Frameworks/Network.framework/Versions/A/Network
0x00007fff570e8000 	/System/Library/PrivateFrameworks/KeychainCircle.framework/Versions/A/KeychainCircle
0x00007fff316ca000 	/System/Library/Frameworks/CoreBluetooth.framework/Versions/A/CoreBluetooth
0x00007fff61932000 	/System/Library/PrivateFrameworks/SpeechRecognitionCore.framework/Versions/A/SpeechRecognitionCore
0x000000010d400000 	/Library/Java/JavaVirtualMachines/jdk1.8.0_251.jdk/Contents/Home/jre/lib/server/libjvm.dylib
0x00007fff6aeb3000 	/usr/lib/libstdc++.6.dylib
0x000000010c31d000 	/Library/Java/JavaVirtualMachines/jdk1.8.0_251.jdk/Contents/Home/jre/lib/libverify.dylib
0x000000010c32b000 	/Library/Java/JavaVirtualMachines/jdk1.8.0_251.jdk/Contents/Home/jre/lib/libjava.dylib
0x000000010c362000 	/Library/Java/JavaVirtualMachines/jdk1.8.0_251.jdk/Contents/Home/jre/lib/libjdwp.dylib
0x000000010c3ad000 	/Library/Java/JavaVirtualMachines/jdk1.8.0_251.jdk/Contents/Home/jre/lib/libnpt.dylib
0x000000010c3b1000 	/Library/Java/JavaVirtualMachines/jdk1.8.0_251.jdk/Contents/Home/jre/lib/libinstrument.dylib
0x000000010c3de000 	/Library/Java/JavaVirtualMachines/jdk1.8.0_251.jdk/Contents/Home/jre/lib/libzip.dylib
0x000000011a2ef000 	/Library/Java/JavaVirtualMachines/jdk1.8.0_251.jdk/Contents/Home/jre/lib/libdt_socket.dylib
0x000000012b27a000 	/Library/Java/JavaVirtualMachines/jdk1.8.0_251.jdk/Contents/Home/jre/lib/libnet.dylib

VM Arguments:
jvm_args: -agentlib:jdwp=transport=dt_socket,suspend=y,address=localhost:55376 -javaagent:/Users/antoniocurci/eclipse/java-eclipse 2019-12/Eclipse.app/Contents/Eclipse/configuration/org.eclipse.osgi/216/0/.cp/lib/javaagent-shaded.jar -Dfile.encoding=UTF-8 
<<<<<<< HEAD
<<<<<<< HEAD
java_command: org.eclipse.jdt.internal.junit.runner.RemoteTestRunner -version 3 -port 55375 -testLoaderClass org.eclipse.jdt.internal.junit5.runner.JUnit5TestLoader -loaderpluginname org.eclipse.jdt.junit5.runtime -classNames scacchiera.pedine.PedoneTest
=======
java_command: org.eclipse.jdt.internal.junit.runner.RemoteTestRunner -version 3 -port 55375 -testLoaderClass org.eclipse.jdt.internal.junit5.runner.JUnit5TestLoader -loaderpluginname org.eclipse.jdt.junit5.runtime -classNames test.PedoneTest
>>>>>>> Creazione test automatici per Cavallo e Pedone
=======
java_command: org.eclipse.jdt.internal.junit.runner.RemoteTestRunner -version 3 -port 55375 -testLoaderClass org.eclipse.jdt.internal.junit5.runner.JUnit5TestLoader -loaderpluginname org.eclipse.jdt.junit5.runtime -classNames scacchiera.pedine.PedoneTest
>>>>>>> Riparazione conflitti
java_class_path (initial): /Users/antoniocurci/progetto1920-catmull/bin/main:/Users/antoniocurci/progetto1920-catmull/bin/default:/Users/antoniocurci/.gradle/caches/modules-2/files-2.1/com.google.apis/google-api-services-drive/v3-rev154-1.25.0/b840aeb45c31b97e28f365667f93bbd86fd8790d/google-api-services-drive-v3-rev154-1.25.0.jar:/Users/antoniocurci/.gradle/caches/modules-2/files-2.1/com.google.api-client/google-api-client/1.25.0/e7ff725e89ff5dcbed107be1a24e8102ae2441ee/google-api-client-1.25.0.jar:/Users/antoniocurci/.gradle/caches/modules-2/files-2.1/com.google.oauth-client/google-oauth-client-jetty/1.23.0/e0deaf34371e9ca09f9a04bcbaa854243283cae4/google-oauth-client-jetty-1.23.0.jar:/Users/antoniocurci/.gradle/caches/modules-2/files-2.1/com.google.guava/guava/21.0/3a3d111be1be1b745edfa7d91678a12d7ed38709/guava-21.0.jar:/Users/antoniocurci/.gradle/caches/modules-2/files-2.1/com.google.oauth-client/google-oauth-client-java6/1.23.0/7acbddf56c4ad04efc9d3b48fe015e6250241bf0/google-oauth-client-java6-1.23.0.jar:/Users/antoniocurci/.gradle/caches/modules-2/files-2.1/com.google.oauth-client/google-oauth-client/1.25.0/c9ee14e8b095b4b301b28d57755cc482b8d6f39f/google-oauth-client-1.25.0.jar:/Users/antoniocurci/.gradle/caches/modules-2/files-2.1/com.google.http-client/google-http-client-jackson2/1.25.0/7c5c89bd4d0d34d9f1cb3396e8da6233e5074b5c/google-http-client-jackson2-1.25.0.jar:/Users/antoniocurci/.gradle/caches/modules-2/files-2.1/org.mortbay.jetty/jetty/6.1.26/2f546e289fddd5b1fab1d4199fbb6e9ef43ee4b0/jetty-6.1.26.jar:/Users/antoniocurci/.gradle/caches/modules-2/files-2.1/org.mortbay.jetty/jetty-util/6.1.26/e5642fe0399814e1687d55a3862aa5a3417226a9/jetty-util-6.1.26.jar:/Users/antoniocurci/.gradle/caches/modules-2/files-2.1/org.mortbay.jetty/servlet-api/2.5-20081211/22bff70037e1e6fa7e6413149489552ee2064702/servlet-api-2.5-20081211.jar:/Users/antoniocurci/.gradle/caches/modules-2/files-2.1/com.google.http-client/google-http-client/1.25.0/5fb16523c393bfe0210c29db44742bd308
Launcher Type: SUN_STANDARD

Environment Variables:
PATH=/usr/bin:/bin:/usr/sbin:/sbin
SHELL=/bin/bash

Signal Handlers:
SIGSEGV: [libjvm.dylib+0x5bc2ff], sa_mask[0]=11111111011111110111111111111111, sa_flags=SA_ONSTACK|SA_RESTART|SA_SIGINFO
SIGBUS: [libjvm.dylib+0x5bc2ff], sa_mask[0]=11111111011111110111111111111111, sa_flags=SA_RESTART|SA_SIGINFO
SIGFPE: [libjvm.dylib+0x48d41c], sa_mask[0]=11111111011111110111111111111111, sa_flags=SA_RESTART|SA_SIGINFO
SIGPIPE: [libjvm.dylib+0x48d41c], sa_mask[0]=11111111011111110111111111111111, sa_flags=SA_RESTART|SA_SIGINFO
SIGXFSZ: [libjvm.dylib+0x48d41c], sa_mask[0]=11111111011111110111111111111111, sa_flags=SA_RESTART|SA_SIGINFO
SIGILL: [libjvm.dylib+0x48d41c], sa_mask[0]=11111111011111110111111111111111, sa_flags=SA_RESTART|SA_SIGINFO
SIGUSR1: SIG_DFL, sa_mask[0]=00000000000000000000000000000000, sa_flags=none
SIGUSR2: [libjvm.dylib+0x48cf3a], sa_mask[0]=00100000000000000000000000000000, sa_flags=SA_RESTART|SA_SIGINFO
SIGHUP: [libjvm.dylib+0x48b4c5], sa_mask[0]=11111111011111110111111111111111, sa_flags=SA_RESTART|SA_SIGINFO
SIGINT: [libjvm.dylib+0x48b4c5], sa_mask[0]=11111111011111110111111111111111, sa_flags=SA_RESTART|SA_SIGINFO
SIGTERM: [libjvm.dylib+0x48b4c5], sa_mask[0]=11111111011111110111111111111111, sa_flags=SA_RESTART|SA_SIGINFO
SIGQUIT: [libjvm.dylib+0x48b4c5], sa_mask[0]=11111111011111110111111111111111, sa_flags=SA_RESTART|SA_SIGINFO


---------------  S Y S T E M  ---------------

OS:Bsduname:Darwin 19.4.0 Darwin Kernel Version 19.4.0: Wed Mar  4 22:28:40 PST 2020; root:xnu-6153.101.6~15/RELEASE_X86_64 x86_64
rlimit: STACK 8192k, CORE 0k, NPROC 2784, NOFILE 10240, AS infinity
load average:2.50 2.40 2.43

CPU:total 8 (initial active 8) (4 cores per cpu, 2 threads per core) family 6 model 70 stepping 1, cmov, cx8, fxsr, mmx, sse, sse2, sse3, ssse3, sse4.1, sse4.2, popcnt, avx, avx2, aes, clmul, erms, lzcnt, ht, tsc, tscinvbit, bmi1, bmi2

Memory: 4k page, physical 16777216k(723660k free)

/proc/meminfo:


vm_info: Java HotSpot(TM) 64-Bit Server VM (25.251-b08) for bsd-amd64 JRE (1.8.0_251-b08), built on Mar 12 2020 02:36:37 by "java_re" with gcc 4.2.1 (Based on Apple Inc. build 5658) (LLVM build 2336.11.00)

time: Fri May 15 18:57:47 2020
timezone: CEST
elapsed time: 1194 seconds (0d 0h 19m 54s)

